<?xml version="1.0" encoding="UTF-8"?>
<!-- Generated by org.testng.reporters.JUnitReportReporter -->
<testsuite hostname="ashiq-PC" name="Demo1" tests="1" failures="0" timestamp="27 Aug 2019 11:42:43 GMT" time="14.171" errors="0">
  <testcase name="testOne" time="14.171" classname="Demo1"/>
</testsuite> <!-- Demo1 -->
