<?xml version="1.0" encoding="UTF-8"?>
<!-- Generated by org.testng.reporters.JUnitReportReporter -->
<testsuite hostname="ashiq-PC" name="Demo1" tests="1" failures="0" timestamp="28 Aug 2019 06:06:55 GMT" time="31.534" errors="0">
  <testcase name="testOne" time="31.534" classname="Demo1"/>
</testsuite> <!-- Demo1 -->
