<?xml version="1.0" encoding="UTF-8"?>
<!-- Generated by org.testng.reporters.JUnitReportReporter -->
<testsuite skipped="0" hostname="ashiq-PC" name="Demo1" tests="1" failures="0" timestamp="28 Aug 2019 05:40:41 GMT" time="20.299" errors="0">
  <testcase name="testOne" time="20.299" classname="Demo1"/>
</testsuite> <!-- Demo1 -->
