<?xml version="1.0" encoding="UTF-8"?>
<!-- Generated by org.testng.reporters.JUnitReportReporter -->
<testsuite skipped="0" hostname="ashiq-PC" name="Demo1" tests="1" failures="0" timestamp="28 Aug 2019 04:17:03 GMT" time="17.011" errors="0">
  <testcase name="testOne" time="17.011" classname="Demo1"/>
</testsuite> <!-- Demo1 -->
